<?xml version="1.0" encoding="UTF-8"?>
<testng-results skipped="0" failed="1" ignored="0" total="5" passed="4">
  <reporter-output>
  </reporter-output>
  <suite name="Suite" duration-ms="59837" started-at="2018-09-14T07:04:20Z" finished-at="2018-09-14T07:05:20Z">
    <groups>
    </groups>
    <test name="Test" duration-ms="59837" started-at="2018-09-14T07:04:20Z" finished-at="2018-09-14T07:05:20Z">
      <class name="SZ.login">
        <test-method status="PASS" signature="chrome()[pri:0, instance:SZ.login@327471b5]" name="chrome" is-config="true" duration-ms="13918" started-at="2018-09-14T07:04:06Z" finished-at="2018-09-14T07:04:20Z">
          <reporter-output>
          </reporter-output>
        </test-method> <!-- chrome -->
        <test-method status="PASS" signature="url(java.lang.String)[pri:0, instance:SZ.login@327471b5]" name="url" is-config="true" duration-ms="25980" started-at="2018-09-14T07:04:20Z" finished-at="2018-09-14T07:04:46Z">
          <params>
            <param index="0">
              <value>
                <![CDATA[https://www.szonline.in/]]>
              </value>
            </param>
          </params>
          <reporter-output>
          </reporter-output>
        </test-method> <!-- url -->
        <test-method status="PASS" signature="login_mtd(java.lang.String, java.lang.String)[pri:0, instance:SZ.login@327471b5]" name="login_mtd" duration-ms="6842" started-at="2018-09-14T07:04:46Z" finished-at="2018-09-14T07:04:53Z">
          <params>
            <param index="0">
              <value>
                <![CDATA[jaysuganya23@gmail.com]]>
              </value>
            </param>
            <param index="1">
              <value>
                <![CDATA[Nion!@57]]>
              </value>
            </param>
          </params>
          <reporter-output>
          </reporter-output>
        </test-method> <!-- login_mtd -->
        <test-method status="PASS" signature="pw_change(java.lang.String, java.lang.String, java.lang.String)[pri:0, instance:SZ.login@327471b5]" name="pw_change" duration-ms="8455" started-at="2018-09-14T07:04:53Z" depends-on-methods="SZ.login.login_mtd" finished-at="2018-09-14T07:05:01Z">
          <params>
            <param index="0">
              <value>
                <![CDATA[Nion!@57]]>
              </value>
            </param>
            <param index="1">
              <value>
                <![CDATA[dfjkflf123]]>
              </value>
            </param>
            <param index="2">
              <value>
                <![CDATA[Nion!@57]]>
              </value>
            </param>
          </params>
          <reporter-output>
          </reporter-output>
        </test-method> <!-- pw_change -->
        <test-method status="FAIL" signature="screenshot()[pri:0, instance:SZ.login@327471b5]" name="screenshot" duration-ms="425" started-at="2018-09-14T07:05:01Z" depends-on-methods="SZ.login.pw_change" finished-at="2018-09-14T07:05:02Z">
          <exception class="java.lang.NoClassDefFoundError">
            <message>
              <![CDATA[org/apache/commons/io/FileUtils]]>
            </message>
            <full-stacktrace>
              <![CDATA[java.lang.NoClassDefFoundError: org/apache/commons/io/FileUtils
at SZ.login.screenshot(login.java:89)
at sun.reflect.NativeMethodAccessorImpl.invoke0(Native Method)
at sun.reflect.NativeMethodAccessorImpl.invoke(Unknown Source)
at sun.reflect.DelegatingMethodAccessorImpl.invoke(Unknown Source)
at java.lang.reflect.Method.invoke(Unknown Source)
at org.testng.internal.MethodInvocationHelper.invokeMethod(MethodInvocationHelper.java:124)
at org.testng.internal.Invoker.invokeMethod(Invoker.java:583)
at org.testng.internal.Invoker.invokeTestMethod(Invoker.java:719)
at org.testng.internal.Invoker.invokeTestMethods(Invoker.java:989)
at org.testng.internal.TestMethodWorker.invokeTestMethods(TestMethodWorker.java:125)
at org.testng.internal.TestMethodWorker.run(TestMethodWorker.java:109)
at org.testng.TestRunner.privateRun(TestRunner.java:648)
at org.testng.TestRunner.run(TestRunner.java:505)
at org.testng.SuiteRunner.runTest(SuiteRunner.java:455)
at org.testng.SuiteRunner.runSequentially(SuiteRunner.java:450)
at org.testng.SuiteRunner.privateRun(SuiteRunner.java:415)
at org.testng.SuiteRunner.run(SuiteRunner.java:364)
at org.testng.SuiteRunnerWorker.runSuite(SuiteRunnerWorker.java:52)
at org.testng.SuiteRunnerWorker.run(SuiteRunnerWorker.java:84)
at org.testng.TestNG.runSuitesSequentially(TestNG.java:1208)
at org.testng.TestNG.runSuitesLocally(TestNG.java:1137)
at org.testng.TestNG.runSuites(TestNG.java:1049)
at org.testng.TestNG.run(TestNG.java:1017)
at org.apache.maven.surefire.testng.TestNGExecutor.run(TestNGExecutor.java:283)
at org.apache.maven.surefire.testng.TestNGXmlTestSuite.execute(TestNGXmlTestSuite.java:75)
at org.apache.maven.surefire.testng.TestNGProvider.invoke(TestNGProvider.java:120)
at org.apache.maven.surefire.booter.ForkedBooter.invokeProviderInSameClassLoader(ForkedBooter.java:383)
at org.apache.maven.surefire.booter.ForkedBooter.runSuitesInProcess(ForkedBooter.java:344)
at org.apache.maven.surefire.booter.ForkedBooter.execute(ForkedBooter.java:125)
at org.apache.maven.surefire.booter.ForkedBooter.main(ForkedBooter.java:417)
Caused by: java.lang.ClassNotFoundException: org.apache.commons.io.FileUtils
at java.net.URLClassLoader.findClass(Unknown Source)
at java.lang.ClassLoader.loadClass(Unknown Source)
at sun.misc.Launcher$AppClassLoader.loadClass(Unknown Source)
at java.lang.ClassLoader.loadClass(Unknown Source)
... 30 more
]]>
            </full-stacktrace>
          </exception> <!-- java.lang.NoClassDefFoundError -->
          <reporter-output>
          </reporter-output>
        </test-method> <!-- screenshot -->
        <test-method status="PASS" signature="mouse_hover()[pri:1, instance:SZ.login@327471b5]" name="mouse_hover" duration-ms="17250" started-at="2018-09-14T07:05:02Z" finished-at="2018-09-14T07:05:19Z">
          <reporter-output>
          </reporter-output>
        </test-method> <!-- mouse_hover -->
        <test-method status="PASS" signature="sort()[pri:2, instance:SZ.login@327471b5]" name="sort" duration-ms="560" started-at="2018-09-14T07:05:19Z" finished-at="2018-09-14T07:05:20Z">
          <reporter-output>
          </reporter-output>
        </test-method> <!-- sort -->
      </class> <!-- SZ.login -->
    </test> <!-- Test -->
  </suite> <!-- Suite -->
</testng-results>
