<?xml version="1.0" encoding="UTF-8"?>
<!-- Generated by org.testng.reporters.JUnitXMLReporter -->
<testsuite hostname="DESKTOP-9VMOGL7" ignored="0" name="Test" tests="5" failures="1" timestamp="14 Sep 2018 07:05:20 GMT" time="59.837" errors="0">
  <testcase name="login_mtd" time="6.842" classname="SZ.login"/>
  <testcase name="pw_change" time="8.455" classname="SZ.login"/>
  <testcase name="screenshot" time="0.425" classname="SZ.login">
    <failure type="java.lang.NoClassDefFoundError" message="org/apache/commons/io/FileUtils">
      <![CDATA[java.lang.NoClassDefFoundError: org/apache/commons/io/FileUtils
at SZ.login.screenshot(login.java:89)
Caused by: java.lang.ClassNotFoundException: org.apache.commons.io.FileUtils
at java.net.URLClassLoader.findClass(Unknown Source)
at java.lang.ClassLoader.loadClass(Unknown Source)
at sun.misc.Launcher$AppClassLoader.loadClass(Unknown Source)
at java.lang.ClassLoader.loadClass(Unknown Source)
... 30 more
... Removed 29 stack frames]]>
    </failure>
  </testcase> <!-- screenshot -->
  <testcase name="mouse_hover" time="17.25" classname="SZ.login"/>
  <testcase name="sort" time="0.56" classname="SZ.login"/>
</testsuite> <!-- Test -->
